[27012:29816:0207/225242.983:WARNING:chrome_main_delegate.cc(745)] This is Chrome version 128.0.6613.138 (not a warning)
[27012:29112:0207/225243.067:ERROR:google_update_settings.cc(265)] Failed opening key Software\Chromium to set usagestats; result: 5
[27012:29816:0207/225243.114:WARNING:account_consistency_mode_manager.cc(77)] Desktop Identity Consistency cannot be enabled as no OAuth client ID and client secret have been configured.
[27012:29816:0207/225247.301:WARNING:external_registry_loader_win.cc(232)] Error observing HKLM: 5
[12096:30088:0207/225250.429:WARNING:frame_impl.cc(430)] virtual CefFrameImpl::SendProcessMessage sent to detached frame 5-E77D509970BD01E731FEDEED27586282 will be ignored
[27012:30256:0207/225252.103:WARNING:browser_info.cc(345)] Returning a speculative frame for [8,9]
[27012:29816:0207/225252.765:WARNING:browser_info.cc(345)] Returning a speculative frame for [9,9]
[27012:29816:0207/225252.765:WARNING:browser_info.cc(345)] Returning a speculative frame for [9,9]
[27012:29816:0207/225252.765:WARNING:browser_info.cc(345)] Returning a speculative frame for [9,9]
[27012:29816:0207/225252.765:WARNING:browser_info.cc(345)] Returning a speculative frame for [9,9]
[27012:30256:0207/225252.768:WARNING:browser_info.cc(345)] Returning a speculative frame for [9,9]
[27012:29816:0207/225319.592:WARNING:page_discarding_helper.cc(138)] Discarding multiple pages with target (kb): 0
[27012:30256:0207/225459.680:WARNING:browser_info.cc(345)] Returning a speculative frame for [10,9]
[27012:29816:0207/225500.129:WARNING:browser_info.cc(345)] Returning a speculative frame for [10,9]
[27012:29816:0207/225500.129:WARNING:browser_info.cc(345)] Returning a speculative frame for [10,9]
[27012:29816:0207/225500.129:WARNING:browser_info.cc(345)] Returning a speculative frame for [10,9]
[27012:29816:0207/225500.129:WARNING:browser_info.cc(345)] Returning a speculative frame for [10,9]
[23428:30084:0207/225709.251:ERROR:shared_image_manager.cc(224)] SharedImageManager::ProduceSkia: Trying to Produce a Skia representation from a non-existent mailbox.
[23428:30084:0207/225709.251:ERROR:shared_image_manager.cc(224)] SharedImageManager::ProduceSkia: Trying to Produce a Skia representation from a non-existent mailbox.
[27012:29816:0208/000243.695:WARNING:pref_notifier_impl.cc(41)] Pref observer for media_router.cast_allow_all_ips found at shutdown.
